<?xml version="1.0" encoding="UTF-8"?>
<!-- Generated by org.testng.reporters.JUnitReportReporter -->
<testsuite hostname="BHB1LT042" failures="0" tests="1" name="com.palmera.testCases.TC_LoginTest_001" time="0.372" errors="0" timestamp="2022-02-17T10:17:48 IST" skipped="0">
  <testcase classname="com.palmera.testCases.TC_LoginTest_001" name="loginTest" time="0.372"/>
  <system-out/>
</testsuite> <!-- com.palmera.testCases.TC_LoginTest_001 -->
